m:\github\appliedgametechnologies\ar-cade\build\vs2017\psvita_debug\ar_app.self
m:\github\appliedgametechnologies\ar-cade\build\vs2017\psvita_debug\primitive_builder.o
m:\github\appliedgametechnologies\ar-cade\build\vs2017\psvita_debug\load_texture.o
m:\github\appliedgametechnologies\ar-cade\build\vs2017\psvita_debug\collision.o
m:\github\appliedgametechnologies\ar-cade\build\vs2017\psvita_debug\game_object.o
m:\github\appliedgametechnologies\ar-cade\build\vs2017\psvita_debug\player_object.o
m:\github\appliedgametechnologies\ar-cade\build\vs2017\psvita_debug\orbit_object.o
m:\github\appliedgametechnologies\ar-cade\build\vs2017\psvita_debug\enemy_object.o
m:\github\appliedgametechnologies\ar-cade\build\vs2017\psvita_debug\main_vita.o
m:\github\appliedgametechnologies\ar-cade\build\vs2017\psvita_debug\game_state.o
m:\github\appliedgametechnologies\ar-cade\build\vs2017\psvita_debug\howto_state.o
m:\github\appliedgametechnologies\ar-cade\build\vs2017\psvita_debug\lose_state.o
m:\github\appliedgametechnologies\ar-cade\build\vs2017\psvita_debug\splash_state.o
m:\github\appliedgametechnologies\ar-cade\build\vs2017\psvita_debug\win_state.o
m:\github\appliedgametechnologies\ar-cade\build\vs2017\psvita_debug\ar_app.o
m:\github\appliedgametechnologies\ar-cade\build\vs2017\psvita_debug\base_state.o
m:\github\appliedgametechnologies\ar-cade\build\vs2017\psvita_debug\ar_app.tlog\psp2ld.command.1.tlog
m:\github\appliedgametechnologies\ar-cade\build\vs2017\psvita_debug\ar_app.tlog\psp2ld.read.1.tlog
m:\github\appliedgametechnologies\ar-cade\build\vs2017\psvita_debug\ar_app.tlog\psp2ld.write.1.tlog
m:\github\appliedgametechnologies\ar-cade\build\vs2017\psvita_debug\ar_app.tlog\psp2snc.command.1.tlog
m:\github\appliedgametechnologies\ar-cade\build\vs2017\psvita_debug\ar_app.tlog\psp2snc.read.1.tlog
m:\github\appliedgametechnologies\ar-cade\build\vs2017\psvita_debug\ar_app.tlog\psp2snc.write.1.tlog
